-------------------------------------------------------------------------------
Test set: de.gothaer.tiere.SchweinTest
-------------------------------------------------------------------------------
Tests run: 1, Failures: 1, Errors: 0, Skipped: 0, Time elapsed: 0.025 s <<< FAILURE! - in de.gothaer.tiere.SchweinTest
test  Time elapsed: 0.021 s  <<< FAILURE!
org.opentest4j.AssertionFailedError: Upps
	at de.gothaer.tiere.SchweinTest.test(SchweinTest.java:11)

