<?xml version="1.0" encoding="UTF-8"?>
<testsuite xmlns:xsi="http://www.w3.org/2001/XMLSchema-instance" xsi:noNamespaceSchemaLocation="https://maven.apache.org/surefire/maven-surefire-plugin/xsd/surefire-test-report-3.0.xsd" version="3.0" name="de.gothaer.tiere.SchweinTest" time="0.025" tests="1" errors="0" skipped="0" failures="1">
  <properties>
[...]
</properties>
  <testcase name="test" classname="de.gothaer.tiere.SchweinTest" time="0.021">
    <failure message="Upps" type="org.opentest4j.AssertionFailedError">org.opentest4j.AssertionFailedError: Upps
	at de.gothaer.tiere.SchweinTest.test(SchweinTest.java:11)
</failure>
  </testcase>
</testsuite>